<?xml version="1.0" encoding="UTF-8"?>
<!-- Generated by org.testng.reporters.JUnitReportReporter -->
<testsuite hostname="LP-214019312" failures="0" tests="1" name="functionality.Test2" time="16.269" errors="0" timestamp="17 Jan 2022 07:22:11 GMT">
  <testcase classname="functionality.Test2" name="login_fn" time="16.269"/>
</testsuite> <!-- functionality.Test2 -->
