<?xml version="1.0" encoding="UTF-8"?>
<!-- Generated by org.testng.reporters.JUnitReportReporter -->
<testsuite hostname="LP-214019312" failures="0" tests="1" name="functionality.Login" time="13.155" errors="0" timestamp="6 Jan 2022 13:22:51 GMT">
  <testcase classname="functionality.Login" name="login_fn" time="13.155"/>
</testsuite> <!-- functionality.Login -->
